# JRE version: Java(TM) SE Runtime Environment (7.0_51-b13) (build 1.7.0_51-b13)
# Java VM: Java HotSpot(TM) 64-Bit Server VM (24.51-b03 mixed mode linux-amd64 compressed oops)
Heap
 PSYoungGen      total 12288K, used 12272K [0x00000000f5500000, 0x00000000f6280000, 0x0000000100000000)
  eden space 10752K, 100% used [0x00000000f5500000,0x00000000f5f80000,0x00000000f5f80000)
  from space 1536K, 98% used [0x00000000f5f80000,0x00000000f60fc050,0x00000000f6100000)
  to   space 1536K, 100% used [0x00000000f6100000,0x00000000f6280000,0x00000000f6280000)
 ParOldGen       total 27648K, used 11733K [0x00000000e0000000, 0x00000000e1b00000, 0x00000000f5500000)
  object space 27648K, 42% used [0x00000000e0000000,0x00000000e0b75520,0x00000000e1b00000)
 PSPermGen       total 21504K, used 17362K [0x00000000d0000000, 0x00000000d1500000, 0x00000000e0000000)
  object space 21504K, 80% used [0x00000000d0000000,0x00000000d10f4830,0x00000000d1500000)
GC Heap History (7 events):
Event: 2.776 GC heap before
{Heap before GC invocations=1 (full 0):
 PSYoungGen      total 12288K, used 10752K [0x00000000f5500000, 0x00000000f6280000, 0x0000000100000000)
  eden space 10752K, 100% used [0x00000000f5500000,0x00000000f5f80000,0x00000000f5f80000)
  from space 1536K, 0% used [0x00000000f6100000,0x00000000f6100000,0x00000000f6280000)
  to   space 1536K, 0% used [0x00000000f5f80000,0x00000000f5f80000,0x00000000f6100000)
 ParOldGen       total 27648K, used 0K [0x00000000e0000000, 0x00000000e1b00000, 0x00000000f5500000)
  object space 27648K, 0% used [0x00000000e0000000,0x00000000e0000000,0x00000000e1b00000)
 PSPermGen       total 21504K, used 5481K [0x00000000d0000000, 0x00000000d1500000, 0x00000000e0000000)
  object space 21504K, 25% used [0x00000000d0000000,0x00000000d055a4f8,0x00000000d1500000)
Event: 2.783 GC heap after
Heap after GC invocations=1 (full 0):
 PSYoungGen      total 12288K, used 1520K [0x00000000f5500000, 0x00000000f6280000, 0x0000000100000000)
  eden space 10752K, 0% used [0x00000000f5500000,0x00000000f5500000,0x00000000f5f80000)
  from space 1536K, 98% used [0x00000000f5f80000,0x00000000f60fc010,0x00000000f6100000)
  to   space 1536K, 0% used [0x00000000f6100000,0x00000000f6100000,0x00000000f6280000)
 ParOldGen       total 27648K, used 1174K [0x00000000e0000000, 0x00000000e1b00000, 0x00000000f5500000)
  object space 27648K, 4% used [0x00000000e0000000,0x00000000e01258a0,0x00000000e1b00000)
 PSPermGen       total 21504K, used 5481K [0x00000000d0000000, 0x00000000d1500000, 0x00000000e0000000)
  object space 21504K, 25% used [0x00000000d0000000,0x00000000d055a4f8,0x00000000d1500000)
}
Event: 3.739 GC heap before
{Heap before GC invocations=2 (full 0):
 PSYoungGen      total 12288K, used 12272K [0x00000000f5500000, 0x00000000f6280000, 0x0000000100000000)
  eden space 10752K, 100% used [0x00000000f5500000,0x00000000f5f80000,0x00000000f5f80000)
  from space 1536K, 98% used [0x00000000f5f80000,0x00000000f60fc010,0x00000000f6100000)
  to   space 1536K, 0% used [0x00000000f6100000,0x00000000f6100000,0x00000000f6280000)
 ParOldGen       total 27648K, used 1174K [0x00000000e0000000, 0x00000000e1b00000, 0x00000000f5500000)
  object space 27648K, 4% used [0x00000000e0000000,0x00000000e01258a0,0x00000000e1b00000)
 PSPermGen       total 21504K, used 7997K [0x00000000d0000000, 0x00000000d1500000, 0x00000000e0000000)
  object space 21504K, 37% used [0x00000000d0000000,0x00000000d07cf5f8,0x00000000d1500000)
Event: 3.748 GC heap after
Heap after GC invocations=2 (full 0):
 PSYoungGen      total 12288K, used 1536K [0x00000000f5500000, 0x00000000f6280000, 0x0000000100000000)
  eden space 10752K, 0% used [0x00000000f5500000,0x00000000f5500000,0x00000000f5f80000)
  from space 1536K, 100% used [0x00000000f6100000,0x00000000f6280000,0x00000000f6280000)
  to   space 1536K, 0% used [0x00000000f5f80000,0x00000000f5f80000,0x00000000f6100000)
 ParOldGen       total 27648K, used 3608K [0x00000000e0000000, 0x00000000e1b00000, 0x00000000f5500000)
  object space 27648K, 13% used [0x00000000e0000000,0x00000000e03862c0,0x00000000e1b00000)
 PSPermGen       total 21504K, used 7997K [0x00000000d0000000, 0x00000000d1500000, 0x00000000e0000000)
  object space 21504K, 37% used [0x00000000d0000000,0x00000000d07cf5f8,0x00000000d1500000)
}
Event: 5.330 GC heap before
{Heap before GC invocations=3 (full 0):
 PSYoungGen      total 12288K, used 12288K [0x00000000f5500000, 0x00000000f6280000, 0x0000000100000000)
  eden space 10752K, 100% used [0x00000000f5500000,0x00000000f5f80000,0x00000000f5f80000)
  from space 1536K, 100% used [0x00000000f6100000,0x00000000f6280000,0x00000000f6280000)
  to   space 1536K, 0% used [0x00000000f5f80000,0x00000000f5f80000,0x00000000f6100000)
 ParOldGen       total 27648K, used 3608K [0x00000000e0000000, 0x00000000e1b00000, 0x00000000f5500000)
  object space 27648K, 13% used [0x00000000e0000000,0x00000000e03862c0,0x00000000e1b00000)
 PSPermGen       total 21504K, used 11974K [0x00000000d0000000, 0x00000000d1500000, 0x00000000e0000000)
  object space 21504K, 55% used [0x00000000d0000000,0x00000000d0bb1868,0x00000000d1500000)
Event: 5.338 GC heap after
Heap after GC invocations=3 (full 0):
 PSYoungGen      total 12288K, used 1520K [0x00000000f5500000, 0x00000000f6280000, 0x0000000100000000)
  eden space 10752K, 0% used [0x00000000f5500000,0x00000000f5500000,0x00000000f5f80000)
  from space 1536K, 98% used [0x00000000f5f80000,0x00000000f60fc050,0x00000000f6100000)
  to   space 1536K, 0% used [0x00000000f6100000,0x00000000f6100000,0x00000000f6280000)
 ParOldGen       total 27648K, used 7465K [0x00000000e0000000, 0x00000000e1b00000, 0x00000000f5500000)
  object space 27648K, 27% used [0x00000000e0000000,0x00000000e074a450,0x00000000e1b00000)
 PSPermGen       total 21504K, used 11974K [0x00000000d0000000, 0x00000000d1500000, 0x00000000e0000000)
  object space 21504K, 55% used [0x00000000d0000000,0x00000000d0bb1868,0x00000000d1500000)
}
Event: 6.988 GC heap before
{Heap before GC invocations=4 (full 0):
 PSYoungGen      total 12288K, used 12272K [0x00000000f5500000, 0x00000000f6280000, 0x0000000100000000)
  eden space 10752K, 100% used [0x00000000f5500000,0x00000000f5f80000,0x00000000f5f80000)
  from space 1536K, 98% used [0x00000000f5f80000,0x00000000f60fc050,0x00000000f6100000)
  to   space 1536K, 0% used [0x00000000f6100000,0x00000000f6100000,0x00000000f6280000)
 ParOldGen       total 27648K, used 7465K [0x00000000e0000000, 0x00000000e1b00000, 0x00000000f5500000)
  object space 27648K, 27% used [0x00000000e0000000,0x00000000e074a450,0x00000000e1b00000)
 PSPermGen       total 21504K, used 17362K [0x00000000d0000000, 0x00000000d1500000, 0x00000000e0000000)
  object space 21504K, 80% used [0x00000000d0000000,0x00000000d10f4830,0x00000000d1500000)

